proguard/seeds.txt
com.akibb.jiit_128maps.A
com.akibb.jiit_128maps.A: A()
com.akibb.jiit_128maps.A: void onClick(android.view.View)
com.akibb.jiit_128maps.AboutUs
com.akibb.jiit_128maps.AboutUs: AboutUs()
com.akibb.jiit_128maps.BB
com.akibb.jiit_128maps.BB: BB()
com.akibb.jiit_128maps.CustomImageVIew
com.akibb.jiit_128maps.CustomImageVIew: CustomImageVIew(android.content.Context)
com.akibb.jiit_128maps.CustomImageVIew: CustomImageVIew(android.content.Context,android.util.AttributeSet)
com.akibb.jiit_128maps.CustomImageVIew: CustomImageVIew(android.content.Context,android.util.AttributeSet,int)
com.akibb.jiit_128maps.CustomImageVIew: void setBitmap(android.graphics.Bitmap)
com.akibb.jiit_128maps.Guide
com.akibb.jiit_128maps.Guide: Guide()
com.akibb.jiit_128maps.Guide: void onClick(android.view.View)
com.akibb.jiit_128maps.Help
com.akibb.jiit_128maps.Help: Help()
com.akibb.jiit_128maps.Intro
com.akibb.jiit_128maps.Intro: Intro()
com.akibb.jiit_128maps.NavG
com.akibb.jiit_128maps.NavG: NavG()
com.akibb.jiit_128maps.NavG: void onClick(android.view.View)
com.akibb.jiit_128maps.Navigation
com.akibb.jiit_128maps.Navigation: Navigation()
com.akibb.jiit_128maps.Navigation: void onClick(android.view.View)
com.akibb.jiit_128maps.Pinch
com.akibb.jiit_128maps.Pinch: Pinch()
com.akibb.jiit_128maps.R$drawable: int analog
com.akibb.jiit_128maps.R$drawable: int anna
com.akibb.jiit_128maps.R$drawable: int audi
com.akibb.jiit_128maps.R$drawable: int back
com.akibb.jiit_128maps.R$drawable: int bedc
com.akibb.jiit_128maps.R$drawable: int blackbg
com.akibb.jiit_128maps.R$drawable: int cafe
com.akibb.jiit_128maps.R$drawable: int cic
com.akibb.jiit_128maps.R$drawable: int cl1
com.akibb.jiit_128maps.R$drawable: int cl2
com.akibb.jiit_128maps.R$drawable: int comm
com.akibb.jiit_128maps.R$drawable: int cr1
com.akibb.jiit_128maps.R$drawable: int cr10
com.akibb.jiit_128maps.R$drawable: int cr11
com.akibb.jiit_128maps.R$drawable: int cr12
com.akibb.jiit_128maps.R$drawable: int cr2
com.akibb.jiit_128maps.R$drawable: int cr3
com.akibb.jiit_128maps.R$drawable: int cr4
com.akibb.jiit_128maps.R$drawable: int cr5
com.akibb.jiit_128maps.R$drawable: int cr6
com.akibb.jiit_128maps.R$drawable: int cr7
com.akibb.jiit_128maps.R$drawable: int cr8
com.akibb.jiit_128maps.R$drawable: int cr9
com.akibb.jiit_128maps.R$drawable: int cse
com.akibb.jiit_128maps.R$drawable: int cselab
com.akibb.jiit_128maps.R$drawable: int custom
com.akibb.jiit_128maps.R$drawable: int developer
com.akibb.jiit_128maps.R$drawable: int dsp
com.akibb.jiit_128maps.R$drawable: int eca
com.akibb.jiit_128maps.R$drawable: int ece
com.akibb.jiit_128maps.R$drawable: int eceproj
com.akibb.jiit_128maps.R$drawable: int emilab
com.akibb.jiit_128maps.R$drawable: int emt
com.akibb.jiit_128maps.R$drawable: int es
...
com.startapp.android.publish.AppWallActivity$4$1
com.startapp.android.publish.AppWallActivity$4$1: com.startapp.android.publish.AppWallActivity$4 a
com.startapp.android.publish.AppWallActivity$4$1: AppWallActivity$4$1(com.startapp.android.publish.AppWallActivity$4)
com.startapp.android.publish.AppWallActivity$4$1: void run()
com.startapp.android.publish.AppWallActivity$5
com.startapp.android.publish.AppWallActivity$5: com.startapp.android.publish.AppWallActivity a
com.startapp.android.publish.AppWallActivity$5: AppWallActivity$5(com.startapp.android.publish.AppWallActivity)
com.startapp.android.publish.AppWallActivity$5: void run()
com.startapp.android.publish.AppWallActivity$6
com.startapp.android.publish.AppWallActivity$6: com.startapp.android.publish.AppWallActivity a
com.startapp.android.publish.AppWallActivity$6: AppWallActivity$6(com.startapp.android.publish.AppWallActivity)
com.startapp.android.publish.AppWallActivity$6: void run()
com.startapp.android.publish.AppWallActivity$a
com.startapp.android.publish.AppWallActivity$a: android.app.Activity a
com.startapp.android.publish.AppWallActivity$a: AppWallActivity$a()
com.startapp.android.publish.AppWallActivity$a: void onReceive(android.content.Context,android.content.Intent)
com.startapp.android.publish.AppWallActivity$a: void a(android.app.Activity)
com.startapp.android.publish.AppWallActivity$b
com.startapp.android.publish.AppWallActivity$b: com.startapp.android.publish.AppWallActivity a
com.startapp.android.publish.AppWallActivity$b: AppWallActivity$b(com.startapp.android.publish.AppWallActivity)
com.startapp.android.publish.AppWallActivity$b: boolean shouldOverrideUrlLoading(android.webkit.WebView,java.lang.String)
com.startapp.android.publish.AppWallActivity$b: AppWallActivity$b(com.startapp.android.publish.AppWallActivity,com.startapp.android.publish.AppWallActivity$1)
com.startapp.android.publish.AppWallDelegateActivity
com.startapp.android.publish.AppWallDelegateActivity: boolean a
com.startapp.android.publish.AppWallDelegateActivity: AppWallDelegateActivity()
com.startapp.android.publish.AppWallDelegateActivity: void onCreate(android.os.Bundle)
com.startapp.android.publish.AppWallDelegateActivity: void onPause()
com.startapp.android.publish.AppWallDelegateActivity: void onResume()
com.startapp.android.publish.AppWallDelegateActivity: void onRestart()
com.startapp.android.publish.AppWallDelegateActivity: void onDestroy()
com.startapp.android.publish.AppWallDelegateActivity: void onConfigurationChanged(android.content.res.Configuration)
com.startapp.android.publish.AppWallDelegateActivity: boolean a(com.startapp.android.publish.AppWallDelegateActivity)
com.startapp.android.publish.AppWallDelegateActivity$1
com.startapp.android.publish.AppWallDelegateActivity$a
com.startapp.android.publish.AppWallDelegateActivity$a: com.startapp.android.publish.AppWallDelegateActivity a
com.startapp.android.publish.AppWallDelegateActivity$a: AppWallDelegateActivity$a(com.startapp.android.publish.AppWallDelegateActivity)
com.startapp.android.publish.AppWallDelegateActivity$a: void onPageStarted(android.webkit.WebView,java.lang.String,android.graphics.Bitmap)
com.startapp.android.publish.AppWallDelegateActivity$a: boolean shouldOverrideUrlLoading(android.webkit.WebView,java.lang.String)
com.startapp.android.publish.AppWallDelegateActivity$a: void onPageFinished(android.webkit.WebView,java.lang.String)
com.startapp.android.publish.AppWallDelegateActivity$a: void onReceivedError(android.webkit.WebView,int,java.lang.String,java.lang.String)
com.startapp.android.publish.AppWallDelegateActivity$a: AppWallDelegateActivity$a(com.startapp.android.publish.AppWallDelegateActivity,com.startapp.android.publish.AppWallDelegateActivity$1)