proguard/mapping.txt
com.akibb.jiit_128maps.A -> com.akibb.jiit_128maps.A:
    android.widget.Button le -> a
    android.widget.Button tr -> b
    android.widget.Button cr -> c
    android.widget.Button ot -> d
    android.widget.Button la -> e
    int s -> f
    com.startapp.android.publish.banner.Banner x -> g
    com.startapp.android.publish.StartAppAd startAppAd -> h
    29:31:void onBackPressed() -> onBackPressed
    35:38:void onPause() -> onPause
    43:46:void onResume() -> onResume
    49:64:void onCreate(android.os.Bundle) -> onCreate
    68:76:void intial() -> a
    83:106:void onClick(android.view.View) -> onClick
    114:117:boolean onCreateOptionsMenu(android.view.Menu) -> onCreateOptionsMenu
    123:142:boolean onOptionsItemSelected(android.view.MenuItem) -> onOptionsItemSelected
com.akibb.jiit_128maps.AboutUs -> com.akibb.jiit_128maps.AboutUs:
    22:24:void onPause() -> onPause
    29:34:void onCreate(android.os.Bundle) -> onCreate
com.akibb.jiit_128maps.BB -> com.akibb.jiit_128maps.BB:
    com.startapp.android.publish.StartAppAd startAppAd -> k
    int s -> a
    int code -> b
    java.lang.String search -> c
    java.lang.String[] lec -> d
    java.lang.String[] tr -> e
    java.lang.String[] cr -> f
    java.lang.String[] labs -> g
    java.lang.String[] ot -> h
    java.lang.String[][] first -> i
    java.lang.String[][] second -> j
    53:61:void onCreate(android.os.Bundle) -> onCreate
    64:84:void createSpinner(int) -> a
    88:102:void onListItemClick(android.widget.ListView,android.view.View,int,long) -> onListItemClick
    111:114:boolean onCreateOptionsMenu(android.view.Menu) -> onCreateOptionsMenu
    120:138:boolean onOptionsItemSelected(android.view.MenuItem) -> onOptionsItemSelected
    144:153:int ddaSearch(java.lang.String,java.lang.String[][]) -> a
    158:175:void selectLocation(int) -> b
com.akibb.jiit_128maps.CustomImageVIew -> com.akibb.jiit_128maps.CustomImageVIew:
    android.graphics.Matrix matrix -> a
    android.graphics.Matrix savedMatrix -> b
    int mode -> c
    android.graphics.PointF mStartPoint -> d
    android.graphics.PointF mMiddlePoint -> e
    android.graphics.Point mBitmapMiddlePoint -> f
    float oldDist -> g
    float[] matrixValues -> h
    float scale -> i
    float oldEventX -> j
    float oldEventY -> k
    float oldStartPointX -> l
    float oldStartPointY -> m
    int mViewWidth -> n
    int mViewHeight -> o
    int mBitmapWidth -> p
    int mBitmapHeight -> q
    boolean mDraggable -> r
    61:64:void onSizeChanged(int,int,int,int) -> onSizeChanged
    67:78:void setBitmap(android.graphics.Bitmap) -> setBitmap
    82:109:boolean onTouch(android.view.View,android.view.MotionEvent) -> onTouch
    115:160:void drag(android.view.MotionEvent) -> a
    163:189:void zoom(android.view.MotionEvent) -> b
    197:200:float spacing(android.view.MotionEvent) -> c
    205:208:void midPoint(android.graphics.PointF,android.view.MotionEvent) -> a
com.akibb.jiit_128maps.Guide -> com.akibb.jiit_128maps.Guide:
    android.widget.Button bB -> a
    android.widget.Button bN -> b
    android.widget.TextView tvH -> c
    android.widget.TextView tvP -> d
    java.lang.String[] para -> e
    java.lang.String[] title -> f
    int c -> g
    android.content.SharedPreferences saveData -> h
    java.lang.String fileName -> i
    34:45:void onCreate(android.os.Bundle) -> onCreate
    48:50:void setThing() -> a
    53:59:void intial() -> b
    63:83:void onClick(android.view.View) -> onClick
com.akibb.jiit_128maps.Help -> com.akibb.jiit_128maps.Help:
    12:14:void onPause() -> onPause
    18:20:void onCreate(android.os.Bundle) -> onCreate
com.akibb.jiit_128maps.Intro -> com.akibb.jiit_128maps.Intro:
    25:27:void onResume() -> onResume
    34:83:void onCreate(android.os.Bundle) -> onCreate
    88:92:void onPause() -> onPause
com.akibb.jiit_128maps.Intro$1 -> com.akibb.jiit_128maps.Intro$1:
    com.akibb.jiit_128maps.Intro this$0 -> a
    57:74:void run() -> run
...
android.support.v4.view.ViewPager -> android.support.v4.view.ViewPager:
    int[] LAYOUT_ATTRS -> a
    java.util.Comparator COMPARATOR -> b
    android.view.animation.Interpolator sInterpolator -> c
    java.util.ArrayList mItems -> d
    android.support.v4.view.ViewPager$ItemInfo mTempItem -> e
    android.graphics.Rect mTempRect -> f
    android.support.v4.view.PagerAdapter mAdapter -> g
    int mCurItem -> h
    int mRestoredCurItem -> i
    android.os.Parcelable mRestoredAdapterState -> j
    java.lang.ClassLoader mRestoredClassLoader -> k
    android.widget.Scroller mScroller -> l
    android.support.v4.view.ViewPager$PagerObserver mObserver -> m
    int mPageMargin -> n
    android.graphics.drawable.Drawable mMarginDrawable -> o
    int mTopPageBounds -> p
    int mBottomPageBounds -> q
    float mFirstOffset -> r
    float mLastOffset -> s
    int mChildWidthMeasureSpec -> t
    int mChildHeightMeasureSpec -> u
    boolean mInLayout -> v
    boolean mScrollingCacheEnabled -> w
    boolean mPopulatePending -> x
    int mOffscreenPageLimit -> y
    boolean mIsBeingDragged -> z
    boolean mIsUnableToDrag -> A
    int mDefaultGutterSize -> B
    int mGutterSize -> C
    int mTouchSlop -> D
    float mInitialMotionX -> E
    float mLastMotionX -> F
    float mLastMotionY -> G
    int mActivePointerId -> H
    android.view.VelocityTracker mVelocityTracker -> I
    int mMinimumVelocity -> J
    int mMaximumVelocity -> K
    int mFlingDistance -> L
    int mCloseEnough -> M
android.support.v4.view.ViewPager$1 -> android.support.v4.view.ViewPager$1:
    111:111:int compare(android.support.v4.view.ViewPager$ItemInfo,android.support.v4.view.ViewPager$ItemInfo) -> a
    108:108:int compare(java.lang.Object,java.lang.Object) -> compare
android.support.v4.view.ViewPager$2 -> android.support.v4.view.ViewPager$2:
    117:118:float getInterpolation(float) -> getInterpolation
android.support.v4.view.ViewPager$Decor -> android.support.v4.view.ViewPager$a:
android.support.v4.view.ViewPager$ItemInfo -> android.support.v4.view.ViewPager$b:
    java.lang.Object object -> a
    int position -> b
    boolean scrolling -> c
    float widthFactor -> d
    float offset -> e
android.support.v4.view.ViewPager$LayoutParams -> android.support.v4.view.ViewPager$c:
    boolean isDecor -> a
    int gravity -> b
    float widthFactor -> c
    boolean needsMeasure -> d
    int position -> e
    int childIndex -> f
android.support.v4.view.ViewPager$OnAdapterChangeListener -> android.support.v4.view.ViewPager$d:
    void onAdapterChanged(android.support.v4.view.PagerAdapter,android.support.v4.view.PagerAdapter) -> a
android.support.v4.view.ViewPager$OnPageChangeListener -> android.support.v4.view.ViewPager$e:
    void onPageScrolled(int,float,int) -> a
    void onPageSelected(int) -> a
    void onPageScrollStateChanged(int) -> b
android.support.v4.view.ViewPager$PageTransformer -> android.support.v4.view.ViewPager$f:
    void transformPage(android.view.View,float) -> a
android.support.v4.view.ViewPager$PagerObserver -> android.support.v4.view.ViewPager$g:
    android.support.v4.view.ViewPager this$0 -> a
    2690:2691:void onChanged() -> onChanged
    2694:2695:void onInvalidated() -> onInvalidated
android.support.v4.view.ViewPager$SavedState -> android.support.v4.view.ViewPager$SavedState:
    int position -> a
    android.os.Parcelable adapterState -> b
    java.lang.ClassLoader loader -> c
    android.os.Parcelable$Creator CREATOR -> CREATOR
    1163:1166:void writeToParcel(android.os.Parcel,int) -> writeToParcel
    1170:1170:java.lang.String toString() -> toString